Build started 6/11/2013 12:14:38 AM.
     1>Project "C:\Users\Austin\Documents\GitHub\SpaceGame\SpaceGame\SpaceGame.vcxproj" on node 2 (Build target(s)).
     1>ClCompile:
         C:\Program Files (x86)\Microsoft Visual Studio 11.0\VC\bin\CL.exe /c /I"C:\Users\Austin\Documents\GitHub\SpaceGame\\OpenMesh-2.3.1\src" /ISOIL/include /ZI /nologo /W3 /WX- /Od /Oy- /D _USE_MATH_DEFINES /D WIN32 /D _RELEASE /D _CRT_SECURE_NO_DEPRECATE /D _MBCS /Gm /EHsc /RTC1 /MDd /GS /fp:precise /Zc:wchar_t /Zc:forScope /Fo"Debug\\" /Fd"Debug\vc110.pdb" /Gd /TP /analyze- /errorReport:prompt Render.cpp
         Render.cpp
     1>c:\users\austin\documents\github\spacegame\spacegame\gameobject.h(109): warning C4305: '=' : truncation from 'double' to 'float'
     1>c:\users\austin\documents\github\spacegame\spacegame\gameitem.h(34): warning C4067: unexpected tokens following preprocessor directive - expected a newline
     1>c:\users\austin\documents\github\spacegame\spacegame\render.cpp(45): warning C4305: '=' : truncation from 'double' to 'float'
     1>c:\users\austin\documents\github\spacegame\spacegame\render.cpp(46): warning C4305: '=' : truncation from 'double' to 'float'
     1>c:\users\austin\documents\github\spacegame\spacegame\render.cpp(339): warning C4305: 'initializing' : truncation from 'double' to 'GLfloat'
     1>c:\users\austin\documents\github\spacegame\spacegame\render.cpp(343): warning C4305: 'initializing' : truncation from 'double' to 'GLfloat'
     1>c:\users\austin\documents\github\spacegame\spacegame\render.cpp(345): warning C4305: 'initializing' : truncation from 'double' to 'GLfloat'
     1>c:\users\austin\documents\github\spacegame\spacegame\render.cpp(347): warning C4305: 'initializing' : truncation from 'double' to 'GLfloat'
     1>c:\users\austin\documents\github\spacegame\spacegame\render.cpp(368): warning C4244: 'initializing' : conversion from 'double' to 'GLfloat', possible loss of data
     1>c:\users\austin\documents\github\spacegame\spacegame\render.cpp(370): warning C4244: 'initializing' : conversion from 'double' to 'GLfloat', possible loss of data
     1>c:\users\austin\documents\github\spacegame\spacegame\render.cpp(372): warning C4244: 'initializing' : conversion from 'double' to 'GLfloat', possible loss of data
     1>c:\users\austin\documents\github\spacegame\spacegame\render.cpp(376): warning C4244: 'initializing' : conversion from 'double' to 'GLfloat', possible loss of data
     1>c:\users\austin\documents\github\spacegame\spacegame\render.cpp(412): warning C4305: 'argument' : truncation from 'double' to 'GLfloat'
     1>c:\users\austin\documents\github\spacegame\spacegame\render.cpp(415): warning C4305: 'argument' : truncation from 'double' to 'GLfloat'
     1>c:\users\austin\documents\github\spacegame\spacegame\render.cpp(416): warning C4305: 'argument' : truncation from 'double' to 'GLfloat'
     1>c:\users\austin\documents\github\spacegame\spacegame\render.cpp(418): warning C4305: 'argument' : truncation from 'double' to 'GLfloat'
     1>c:\users\austin\documents\github\spacegame\spacegame\render.cpp(419): warning C4305: 'argument' : truncation from 'double' to 'GLfloat'
     1>c:\users\austin\documents\github\spacegame\spacegame\render.cpp(421): warning C4305: 'argument' : truncation from 'double' to 'GLfloat'
     1>c:\users\austin\documents\github\spacegame\spacegame\render.cpp(422): warning C4305: 'argument' : truncation from 'double' to 'GLfloat'
     1>c:\users\austin\documents\github\spacegame\spacegame\render.cpp(424): warning C4305: 'argument' : truncation from 'double' to 'GLfloat'
     1>c:\users\austin\documents\github\spacegame\spacegame\render.cpp(425): warning C4305: 'argument' : truncation from 'double' to 'GLfloat'
     1>c:\users\austin\documents\github\spacegame\spacegame\render.cpp(427): warning C4305: 'argument' : truncation from 'double' to 'GLfloat'
     1>c:\users\austin\documents\github\spacegame\spacegame\render.cpp(428): warning C4305: 'argument' : truncation from 'double' to 'GLfloat'
     1>c:\users\austin\documents\github\spacegame\spacegame\render.cpp(614): warning C4305: 'initializing' : truncation from 'double' to 'GLfloat'
     1>c:\users\austin\documents\github\spacegame\spacegame\render.cpp(784): warning C4244: 'initializing' : conversion from 'double' to 'float', possible loss of data
     1>c:\users\austin\documents\github\spacegame\spacegame\render.cpp(823): warning C4305: 'argument' : truncation from 'double' to 'float'
     1>c:\users\austin\documents\github\spacegame\spacegame\render.cpp(875): warning C4244: 'argument' : conversion from 'int' to 'float', possible loss of data
     1>c:\users\austin\documents\github\spacegame\spacegame\render.cpp(887): warning C4244: 'argument' : conversion from 'const double' to 'GLfloat', possible loss of data
     1>c:\users\austin\documents\github\spacegame\spacegame\render.cpp(960): warning C4305: 'argument' : truncation from 'double' to 'const float'
     1>c:\users\austin\documents\github\spacegame\spacegame\render.cpp(961): warning C4305: 'argument' : truncation from 'double' to 'const float'
     1>c:\users\austin\documents\github\spacegame\openmesh-2.3.1\src\openmesh\core\mesh\polymesht.cc(323): warning C4244: 'argument' : conversion from 'double' to 'const float', possible loss of data
                 c:\users\austin\documents\github\spacegame\openmesh-2.3.1\src\openmesh\core\mesh\polymesht.cc(318) : while compiling class template member function 'OpenMesh::VectorT<Scalar,N> OpenMesh::PolyMeshT<Kernel>::calc_vertex_normal(OpenMesh::VertexHandle) const'
                 with
                 [
                     Scalar=float,
                     N=3,
                     Kernel=OpenMesh::AttribKernelT<OpenMesh::FinalMeshItemsT<OpenMesh::DefaultTraits,true>,OpenMesh::TriConnectivity>
                 ]
                 c:\users\austin\documents\github\spacegame\openmesh-2.3.1\src\openmesh\core\mesh\polymesht.cc(397) : see reference to function template instantiation 'OpenMesh::VectorT<Scalar,N> OpenMesh::PolyMeshT<Kernel>::calc_vertex_normal(OpenMesh::VertexHandle) const' being compiled
                 with
                 [
                     Scalar=float,
                     N=3,
                     Kernel=OpenMesh::AttribKernelT<OpenMesh::FinalMeshItemsT<OpenMesh::DefaultTraits,true>,OpenMesh::TriConnectivity>
                 ]
                 c:\users\austin\documents\github\spacegame\openmesh-2.3.1\src\openmesh\core\mesh\polymesht.cc(204) : while compiling class template member function 'void OpenMesh::PolyMeshT<Kernel>::update_face_normals(void)'
                 with
                 [
                     Kernel=OpenMesh::AttribKernelT<OpenMesh::FinalMeshItemsT<OpenMesh::DefaultTraits,true>,OpenMesh::TriConnectivity>
                 ]
                 c:\users\austin\documents\github\spacegame\openmesh-2.3.1\src\openmesh\core\mesh\polymesht.cc(189) : see reference to function template instantiation 'void OpenMesh::PolyMeshT<Kernel>::update_face_normals(void)' being compiled
                 with
                 [
                     Kernel=OpenMesh::AttribKernelT<OpenMesh::FinalMeshItemsT<OpenMesh::DefaultTraits,true>,OpenMesh::TriConnectivity>
                 ]
                 c:\users\austin\documents\github\spacegame\openmesh-2.3.1\src\openmesh\core\mesh\polymesht.cc(186) : while compiling class template member function 'void OpenMesh::PolyMeshT<Kernel>::update_normals(void)'
                 with
                 [
                     Kernel=OpenMesh::AttribKernelT<OpenMesh::FinalMeshItemsT<OpenMesh::DefaultTraits,true>,OpenMesh::TriConnectivity>
                 ]
                 c:\users\austin\documents\github\spacegame\spacegame\render.cpp(277) : see reference to function template instantiation 'void OpenMesh::PolyMeshT<Kernel>::update_normals(void)' being compiled
                 with
                 [
                     Kernel=OpenMesh::AttribKernelT<OpenMesh::FinalMeshItemsT<OpenMesh::DefaultTraits,true>,OpenMesh::TriConnectivity>
                 ]
                 c:\users\austin\documents\github\spacegame\openmesh-2.3.1\src\openmesh\core\mesh\trimesht.hh(89) : see reference to class template instantiation 'OpenMesh::PolyMeshT<Kernel>' being compiled
                 with
                 [
                     Kernel=OpenMesh::AttribKernelT<OpenMesh::FinalMeshItemsT<OpenMesh::DefaultTraits,true>,OpenMesh::TriConnectivity>
                 ]
                 c:\users\austin\documents\github\spacegame\openmesh-2.3.1\src\openmesh\core\mesh\trimesh_arraykernelt.hh(93) : see reference to class template instantiation 'OpenMesh::TriMeshT<Kernel>' being compiled
                 with
                 [
                     Kernel=OpenMesh::AttribKernelT<OpenMesh::FinalMeshItemsT<OpenMesh::DefaultTraits,true>,OpenMesh::TriConnectivity>
                 ]
                 c:\users\austin\documents\github\spacegame\spacegame\render.cpp(165) : see reference to class template instantiation 'OpenMesh::TriMesh_ArrayKernelT<>' being compiled
     1>c:\users\austin\documents\github\spacegame\spacegame\render.cpp(1025): warning C4715: 'loadPostProcessingProgram' : not all control paths return a value
     1>c:\users\austin\documents\github\spacegame\spacegame\render.cpp(1137): warning C4715: 'loadFogProgram' : not all control paths return a value
       Link:
         C:\Program Files (x86)\Microsoft Visual Studio 11.0\VC\bin\link.exe /ERRORREPORT:PROMPT /OUT:"C:\Users\Austin\Documents\GitHub\SpaceGame\Debug\SpaceGame.exe" /INCREMENTAL /NOLOGO /LIBPATH:"C:\Users\Austin\Documents\GitHub\SpaceGame\\OpenMesh-2.3.1\lib" /LIBPATH:freeglut/lib /LIBPATH:"glew-1.9.0/lib" /LIBPATH:pthread/lib /LIBPATH:"SDL-1.2.15/lib/x86" /LIBPATH:"SDL_mixer-1.2.12/lib/x86" /LIBPATH:SOIL/lib libSOIL.a glew32.lib freeglut.lib glu32.lib SDL_mixer.lib SDLmain.lib SDL.lib libOpenMeshCored.lib libOpenMeshToolsd.lib SOIL.lib /MANIFEST /MANIFESTUAC:"level='asInvoker' uiAccess='false'" /manifest:embed /DEBUG /PDB:"C:\Users\Austin\Documents\GitHub\SpaceGame\Debug\SpaceGame.pdb" /TLBID:1 /DYNAMICBASE /NXCOMPAT /IMPLIB:"C:\Users\Austin\Documents\GitHub\SpaceGame\Debug\SpaceGame.lib" /MACHINE:X86 Debug\bloom_utils.obj
         Debug\Camera.obj
         Debug\CollisionDetection.obj
         Debug\Controller.obj
         Debug\EnemyProjectile.obj
         Debug\GameActiveObject.obj
         Debug\GameDebug.obj
         Debug\GameDoor.obj
         Debug\GameEventObject.obj
         Debug\GamePlayer.obj
         Debug\GameRoom.obj
         Debug\GameState.obj
         Debug\main.obj
         Debug\Mesh.obj
         Debug\MetaballEnemy.obj
         Debug\MetalineEnemy.obj
         Debug\MetaplaneEnemy.obj
         Debug\Monitor.obj
         Debug\projectile_particles.obj
         Debug\Render.obj
         Debug\RoomBuilder.obj
         Debug\shader_utils.obj
         Debug\Sound.obj
         Debug\TaskQueue.obj
         Debug\UI.obj
         "SDL_mixer-1.2.12\lib\x64\SDL_mixer.lib"
         "SDL_mixer-1.2.12\lib\x86\SDL_mixer.lib"
         SpaceGame.vcxproj -> C:\Users\Austin\Documents\GitHub\SpaceGame\Debug\SpaceGame.exe
     1>Done Building Project "C:\Users\Austin\Documents\GitHub\SpaceGame\SpaceGame\SpaceGame.vcxproj" (Build target(s)).

Build succeeded.

Time Elapsed 00:00:06.31
