Build started 5/3/2013 2:54:29 PM.
     1>Project "C:\Users\Austin\Documents\GitHub\SpaceGame\OpenMesh-2.3.1\src\OpenMesh\Apps\mconvert\VS2008mconvert.vcxproj" on node 2 (Build target(s)).
     1>ClCompile:
         C:\Program Files (x86)\Microsoft Visual Studio 11.0\VC\bin\CL.exe /c /I../../../ /ZI /nologo /W3 /WX- /Od /Oy- /D WIN32 /D _DEBUG /D _CONSOLE /D _USE_MATH_DEFINES /D _UNICODE /D UNICODE /Gm /EHsc /RTC1 /MDd /GS /fp:precise /Zc:wchar_t /Zc:forScope /Fo"Debug\\" /Fd"Debug\vc110.pdb" /Gd /TP /analyze- /errorReport:prompt mconvert.cc
         mconvert.cc
     1>c:\users\austin\documents\github\spacegame\openmesh-2.3.1\src\openmesh\core\mesh\polymesht.cc(323): warning C4244: 'argument' : conversion from 'double' to 'const float', possible loss of data
                 c:\users\austin\documents\github\spacegame\openmesh-2.3.1\src\openmesh\core\mesh\polymesht.cc(318) : while compiling class template member function 'OpenMesh::VectorT<Scalar,N> OpenMesh::PolyMeshT<Kernel>::calc_vertex_normal(OpenMesh::VertexHandle) const'
                 with
                 [
                     Scalar=float,
                     N=3,
                     Kernel=OpenMesh::AttribKernelT<OpenMesh::FinalMeshItemsT<MyTraits,true>,OpenMesh::TriConnectivity>
                 ]
                 c:\users\austin\documents\github\spacegame\openmesh-2.3.1\src\openmesh\core\mesh\polymesht.cc(397) : see reference to function template instantiation 'OpenMesh::VectorT<Scalar,N> OpenMesh::PolyMeshT<Kernel>::calc_vertex_normal(OpenMesh::VertexHandle) const' being compiled
                 with
                 [
                     Scalar=float,
                     N=3,
                     Kernel=OpenMesh::AttribKernelT<OpenMesh::FinalMeshItemsT<MyTraits,true>,OpenMesh::TriConnectivity>
                 ]
                 c:\users\austin\documents\github\spacegame\openmesh-2.3.1\src\openmesh\core\mesh\polymesht.cc(204) : while compiling class template member function 'void OpenMesh::PolyMeshT<Kernel>::update_face_normals(void)'
                 with
                 [
                     Kernel=OpenMesh::AttribKernelT<OpenMesh::FinalMeshItemsT<MyTraits,true>,OpenMesh::TriConnectivity>
                 ]
                 c:\users\austin\documents\github\spacegame\openmesh-2.3.1\src\openmesh\apps\mconvert\mconvert.cc(256) : see reference to function template instantiation 'void OpenMesh::PolyMeshT<Kernel>::update_face_normals(void)' being compiled
                 with
                 [
                     Kernel=OpenMesh::AttribKernelT<OpenMesh::FinalMeshItemsT<MyTraits,true>,OpenMesh::TriConnectivity>
                 ]
                 c:\users\austin\documents\github\spacegame\openmesh-2.3.1\src\openmesh\core\mesh\trimesht.hh(89) : see reference to class template instantiation 'OpenMesh::PolyMeshT<Kernel>' being compiled
                 with
                 [
                     Kernel=OpenMesh::AttribKernelT<OpenMesh::FinalMeshItemsT<MyTraits,true>,OpenMesh::TriConnectivity>
                 ]
                 c:\users\austin\documents\github\spacegame\openmesh-2.3.1\src\openmesh\core\mesh\trimesh_arraykernelt.hh(93) : see reference to class template instantiation 'OpenMesh::TriMeshT<Kernel>' being compiled
                 with
                 [
                     Kernel=OpenMesh::AttribKernelT<OpenMesh::FinalMeshItemsT<MyTraits,true>,OpenMesh::TriConnectivity>
                 ]
                 c:\users\austin\documents\github\spacegame\openmesh-2.3.1\src\openmesh\apps\mconvert\mconvert.cc(149) : see reference to class template instantiation 'OpenMesh::TriMesh_ArrayKernelT<Traits>' being compiled
                 with
                 [
                     Traits=MyTraits
                 ]
       Link:
         C:\Program Files (x86)\Microsoft Visual Studio 11.0\VC\bin\link.exe /ERRORREPORT:PROMPT /OUT:"C:\Users\Austin\Documents\GitHub\SpaceGame\OpenMesh-2.3.1\Debug\VS2008mconvert.exe" /INCREMENTAL /NOLOGO kernel32.lib user32.lib gdi32.lib winspool.lib comdlg32.lib advapi32.lib shell32.lib ole32.lib oleaut32.lib uuid.lib odbc32.lib odbccp32.lib /MANIFEST /MANIFESTUAC:"level='asInvoker' uiAccess='false'" /manifest:embed /DEBUG /PDB:"C:\Users\Austin\Documents\GitHub\SpaceGame\OpenMesh-2.3.1\Debug\VS2008mconvert.pdb" /SUBSYSTEM:CONSOLE /TLBID:1 /DYNAMICBASE /NXCOMPAT /IMPLIB:"C:\Users\Austin\Documents\GitHub\SpaceGame\OpenMesh-2.3.1\Debug\VS2008mconvert.lib" /MACHINE:X86 /SAFESEH Debug\mconvert.obj
         "C:\Users\Austin\Documents\GitHub\SpaceGame\OpenMesh-2.3.1\lib\libOpenMeshCored.lib"
         "C:\Users\Austin\Documents\GitHub\SpaceGame\OpenMesh-2.3.1\lib\libOpenMeshToolsd.lib"
     1>mconvert.obj : warning LNK4075: ignoring '/EDITANDCONTINUE' due to '/SAFESEH' specification
         VS2008mconvert.vcxproj -> C:\Users\Austin\Documents\GitHub\SpaceGame\OpenMesh-2.3.1\Debug\VS2008mconvert.exe
     1>Done Building Project "C:\Users\Austin\Documents\GitHub\SpaceGame\OpenMesh-2.3.1\src\OpenMesh\Apps\mconvert\VS2008mconvert.vcxproj" (Build target(s)).

Build succeeded.

Time Elapsed 00:00:04.23
