Build started 5/3/2013 2:54:18 PM.
     1>Project "C:\Users\Austin\Documents\GitHub\SpaceGame\OpenMesh-2.3.1\src\OpenMesh\Core\VS2008Core.vcxproj" on node 2 (Build target(s)).
     1>ClCompile:
         C:\Program Files (x86)\Microsoft Visual Studio 11.0\VC\bin\CL.exe /c /I..\.. /Zi /nologo /W3 /WX- /Od /Oy- /D UNICODE /D WIN32 /D QT_LARGEFILE_SUPPORT /D _USE_MATH_DEFINES /D NOMINMAX /D QT_THREAD_SUPPORT /D QT_WEBKIT_LIB /D QT_SCRIPT_LIB /D QT_SQL_LIB /D QT_XML_LIB /D QT_OPENGL_LIB /D QT_GUI_LIB /D QT_NETWORK_LIB /D QT_CORE_LIB /Gm- /EHsc /MDd /GS- /fp:precise /Zc:wchar_t- /Zc:forScope /GR /Fo"tmp\Windows_32_Debug\\" /Fd".\vc110.pdb" /Gd /TP /analyze- /errorReport:prompt -Zm200 -w34100 -w34189 -Zm200 -w34100 -w34189 -w34100 -w34189 IO\reader\BaseReader.cc IO\IOManager.cc IO\reader\OBJReader.cc IO\writer\OBJWriter.cc IO\reader\OFFReader.cc IO\writer\OFFWriter.cc IO\reader\OMReader.cc IO\writer\OMWriter.cc IO\reader\PLYReader.cc IO\writer\PLYWriter.cc IO\reader\STLReader.cc IO\writer\STLWriter.cc
         BaseReader.cc
         IOManager.cc
         OBJReader.cc
         OBJWriter.cc
         OFFReader.cc
     1>IO\reader\OFFReader.cc(592): warning C4244: 'initializing' : conversion from 'std::streamsize' to 'size_t', possible loss of data
         OFFWriter.cc
         OMReader.cc
         OMWriter.cc
         PLYReader.cc
     1>IO\reader\PLYReader.cc(901): warning C4244: 'initializing' : conversion from 'std::streamoff' to 'size_t', possible loss of data
     1>IO\reader\PLYReader.cc(1038): warning C4244: '=' : conversion from 'std::streamoff' to 'size_t', possible loss of data
         PLYWriter.cc
         STLReader.cc
         STLWriter.cc
         Generating Code...
     1>C:\Program Files (x86)\MSBuild\Microsoft.Cpp\v4.0\V110\Microsoft.CppBuild.targets(1299,5): warning MSB8012: TargetPath(C:\Users\Austin\Documents\GitHub\SpaceGame\OpenMesh-2.3.1\src\OpenMesh\Core\.\Core.lib) does not match the Library's OutputFile property value (C:\Users\Austin\Documents\GitHub\SpaceGame\OpenMesh-2.3.1\lib\libOpenMeshCored.lib). This may cause your project to build incorrectly. To correct this, please make sure that $(OutDir), $(TargetName) and $(TargetExt) property values match the value specified in %(Lib.OutputFile).
     1>C:\Program Files (x86)\MSBuild\Microsoft.Cpp\v4.0\V110\Microsoft.CppBuild.targets(1301,5): warning MSB8012: TargetName(Core) does not match the Library's OutputFile property value (libOpenMeshCored). This may cause your project to build incorrectly. To correct this, please make sure that $(OutDir), $(TargetName) and $(TargetExt) property values match the value specified in %(Lib.OutputFile).
       Lib:
         C:\Program Files (x86)\Microsoft Visual Studio 11.0\VC\bin\Lib.exe /OUT:"C:\Users\Austin\Documents\GitHub\SpaceGame\OpenMesh-2.3.1\\lib\libOpenMeshCored.lib" /NOLOGO tmp\Windows_32_Debug\ArrayKernel.obj
         tmp\Windows_32_Debug\BaseKernel.obj
         tmp\Windows_32_Debug\BaseProperty.obj
         tmp\Windows_32_Debug\BaseReader.obj
         tmp\Windows_32_Debug\BaseWriter.obj
         tmp\Windows_32_Debug\BinaryHelper.obj
         tmp\Windows_32_Debug\Endian.obj
         tmp\Windows_32_Debug\IOManager.obj
         tmp\Windows_32_Debug\OBJReader.obj
         tmp\Windows_32_Debug\OBJWriter.obj
         tmp\Windows_32_Debug\OFFReader.obj
         tmp\Windows_32_Debug\OFFWriter.obj
         tmp\Windows_32_Debug\OMFormat.obj
         tmp\Windows_32_Debug\OMReader.obj
         tmp\Windows_32_Debug\omstream.obj
         tmp\Windows_32_Debug\OMWriter.obj
         tmp\Windows_32_Debug\PLYReader.obj
         tmp\Windows_32_Debug\PLYWriter.obj
         tmp\Windows_32_Debug\PolyConnectivity.obj
         tmp\Windows_32_Debug\STLReader.obj
         tmp\Windows_32_Debug\STLWriter.obj
         tmp\Windows_32_Debug\TriConnectivity.obj
         VS2008Core.vcxproj -> C:\Users\Austin\Documents\GitHub\SpaceGame\OpenMesh-2.3.1\src\OpenMesh\Core\.\Core.lib
     1>Done Building Project "C:\Users\Austin\Documents\GitHub\SpaceGame\OpenMesh-2.3.1\src\OpenMesh\Core\VS2008Core.vcxproj" (Build target(s)).

Build succeeded.

Time Elapsed 00:00:11.36
