Build started 6/9/2013 2:32:53 AM.
     1>Project "C:\Users\Austin\Documents\GitHub\Physics\Physics\Physics.vcxproj" on node 2 (Build target(s)).
     1>ClCompile:
         C:\Program Files (x86)\Microsoft Visual Studio 11.0\VC\bin\CL.exe /c /ZI /nologo /W3 /WX- /Od /Oy- /D _USE_MATH_DEFINES /D WIN32 /D _RELEASE /D _CRT_SECURE_NO_DEPRECATE /D _MBCS /Gm /EHsc /RTC1 /MDd /GS /fp:precise /Zc:wchar_t /Zc:forScope /Fo"Debug\\" /Fd"Debug\vc110.pdb" /Gd /TP /analyze- /errorReport:prompt Source.cpp
         Source.cpp
     1>c:\users\austin\documents\github\physics\physics\source.cpp(40): warning C4305: 'initializing' : truncation from 'double' to 'float'
     1>c:\users\austin\documents\github\physics\physics\source.cpp(55): warning C4305: 'initializing' : truncation from 'double' to 'float'
     1>c:\users\austin\documents\github\physics\physics\source.cpp(171): warning C4244: 'argument' : conversion from 'unsigned int' to 'const float', possible loss of data
     1>c:\users\austin\documents\github\physics\physics\source.cpp(177): warning C4244: 'argument' : conversion from 'GLdouble' to 'const float', possible loss of data
     1>c:\users\austin\documents\github\physics\physics\source.cpp(210): warning C4244: 'argument' : conversion from 'double' to 'const float', possible loss of data
     1>c:\users\austin\documents\github\physics\physics\source.cpp(221): warning C4244: 'argument' : conversion from 'double' to 'const float', possible loss of data
     1>c:\users\austin\documents\github\physics\physics\source.cpp(235): warning C4244: 'argument' : conversion from 'double' to 'const float', possible loss of data
     1>c:\users\austin\documents\github\physics\physics\source.cpp(239): warning C4244: '=' : conversion from 'double' to 'float', possible loss of data
     1>c:\users\austin\documents\github\physics\physics\source.cpp(323): warning C4244: '=' : conversion from 'double' to 'float', possible loss of data
     1>c:\users\austin\documents\github\physics\physics\source.cpp(340): warning C4244: 'return' : conversion from 'const float' to 'int', possible loss of data
     1>c:\users\austin\documents\github\physics\physics\source.cpp(562): warning C4244: 'argument' : conversion from 'int' to 'const float', possible loss of data
     1>c:\users\austin\documents\github\physics\physics\source.cpp(581): warning C4244: 'argument' : conversion from 'int' to 'const float', possible loss of data
     1>c:\users\austin\documents\github\physics\physics\source.cpp(582): warning C4244: 'argument' : conversion from 'int' to 'const float', possible loss of data
     1>c:\users\austin\documents\github\physics\physics\source.cpp(605): warning C4244: 'argument' : conversion from 'int' to 'const float', possible loss of data
     1>c:\users\austin\documents\github\physics\physics\source.cpp(606): warning C4244: 'argument' : conversion from 'int' to 'const float', possible loss of data
     1>c:\users\austin\documents\github\physics\physics\source.cpp(629): warning C4244: 'argument' : conversion from 'int' to 'const float', possible loss of data
     1>c:\users\austin\documents\github\physics\physics\source.cpp(630): warning C4244: 'argument' : conversion from 'int' to 'const float', possible loss of data
     1>c:\users\austin\documents\github\physics\physics\source.cpp(961): warning C4305: 'initializing' : truncation from 'double' to 'float'
     1>c:\users\austin\documents\github\physics\physics\source.cpp(1003): warning C4244: 'argument' : conversion from 'double' to 'float', possible loss of data
     1>c:\users\austin\documents\github\physics\physics\source.cpp(1006): warning C4244: 'argument' : conversion from 'double' to 'float', possible loss of data
     1>c:\users\austin\documents\github\physics\physics\source.cpp(1020): warning C4244: 'argument' : conversion from 'double' to 'const float', possible loss of data
     1>c:\users\austin\documents\github\physics\physics\source.cpp(1021): warning C4244: 'argument' : conversion from 'double' to 'float', possible loss of data
     1>c:\users\austin\documents\github\physics\physics\source.cpp(1025): warning C4244: 'argument' : conversion from 'double' to 'float', possible loss of data
     1>c:\users\austin\documents\github\physics\physics\source.cpp(1070): warning C4305: 'initializing' : truncation from 'double' to 'float'
     1>c:\users\austin\documents\github\physics\physics\source.cpp(1072): warning C4244: 'argument' : conversion from 'double' to 'float', possible loss of data
     1>c:\users\austin\documents\github\physics\physics\source.cpp(1073): warning C4244: 'argument' : conversion from 'double' to 'float', possible loss of data
     1>c:\users\austin\documents\github\physics\physics\source.cpp(1147): warning C4244: 'argument' : conversion from 'GLdouble' to 'const float', possible loss of data
     1>c:\users\austin\documents\github\physics\physics\source.cpp(1148): warning C4244: 'argument' : conversion from 'GLdouble' to 'const float', possible loss of data
     1>c:\users\austin\documents\github\physics\physics\source.cpp(1182): warning C4244: 'argument' : conversion from 'double' to 'const float', possible loss of data
     1>c:\users\austin\documents\github\physics\physics\source.cpp(1184): warning C4244: '+=' : conversion from 'double' to 'float', possible loss of data
     1>c:\users\austin\documents\github\physics\physics\source.cpp(1187): warning C4244: 'argument' : conversion from 'double' to 'float', possible loss of data
     1>c:\users\austin\documents\github\physics\physics\source.cpp(1310): warning C4305: 'initializing' : truncation from 'double' to 'float'
     1>c:\users\austin\documents\github\physics\physics\source.cpp(1311): warning C4305: 'initializing' : truncation from 'double' to 'float'
     1>c:\users\austin\documents\github\physics\physics\source.cpp(1344): warning C4305: 'initializing' : truncation from 'double' to 'GLfloat'
     1>c:\users\austin\documents\github\physics\physics\source.cpp(1345): warning C4305: 'argument' : truncation from 'double' to 'GLfloat'
     1>c:\users\austin\documents\github\physics\physics\source.cpp(1440): warning C4305: 'initializing' : truncation from 'double' to 'float'
     1>c:\users\austin\documents\github\physics\physics\source.cpp(1543): warning C4244: 'initializing' : conversion from 'int' to 'float', possible loss of data
     1>c:\users\austin\documents\github\physics\physics\source.cpp(1544): warning C4244: 'initializing' : conversion from 'int' to 'float', possible loss of data
     1>c:\users\austin\documents\github\physics\physics\source.cpp(1606): warning C4244: 'argument' : conversion from 'time_t' to 'unsigned int', possible loss of data
       Link:
         C:\Program Files (x86)\Microsoft Visual Studio 11.0\VC\bin\link.exe /ERRORREPORT:PROMPT /OUT:"C:\Users\Austin\Documents\GitHub\Physics\Debug\Physics.exe" /INCREMENTAL /NOLOGO glew32.lib freeglut.lib glu32.lib libOpenMeshCored.lib libOpenMeshToolsd.lib kernel32.lib user32.lib gdi32.lib winspool.lib comdlg32.lib advapi32.lib shell32.lib ole32.lib oleaut32.lib uuid.lib odbc32.lib odbccp32.lib /MANIFEST /MANIFESTUAC:"level='asInvoker' uiAccess='false'" /manifest:embed /DEBUG /PDB:"C:\Users\Austin\Documents\GitHub\Physics\Debug\Physics.pdb" /TLBID:1 /DYNAMICBASE /NXCOMPAT /IMPLIB:"C:\Users\Austin\Documents\GitHub\Physics\Debug\Physics.lib" /MACHINE:X86 Debug\Source.obj
         Physics.vcxproj -> C:\Users\Austin\Documents\GitHub\Physics\Debug\Physics.exe
     1>Done Building Project "C:\Users\Austin\Documents\GitHub\Physics\Physics\Physics.vcxproj" (Build target(s)).

Build succeeded.

Time Elapsed 00:00:06.97
