<<<<<<< HEAD
﻿Build started 6/9/2013 10:16:34 PM.
     1>Project "C:\Users\Austin\Documents\GitHub\SpaceGame\SpaceGame\SpaceGame.vcxproj" on node 2 (Build target(s)).
     1>ClCompile:
         C:\Program Files (x86)\Microsoft Visual Studio 11.0\VC\bin\CL.exe /c /I"C:\Users\Austin\Documents\GitHub\SpaceGame\\OpenMesh-2.3.1\src" /ISOIL/include /Zi /nologo /W3 /WX- /O2 /Oi /Oy- /GL /D _USE_MATH_DEFINES /D WIN32 /D _RELEASE /D _CRT_SECURE_NO_DEPRECATE /D _MBCS /Gm- /EHsc /MD /GS /Gy /fp:precise /Zc:wchar_t /Zc:forScope /Fo"Release\\" /Fd"Release\vc110.pdb" /Gd /TP /analyze- /errorReport:prompt bloom_utils.cpp Camera.cpp Controller.cpp GameActiveObject.cpp GameDebug.cpp GameDoor.cpp GameEventObject.cpp GamePlayer.cpp GameRoom.cpp GameState.cpp main.cpp Mesh.cpp MetaballEnemy.cpp projectile_particles.cpp Render.cpp RoomBuilder.cpp shader_utils.cpp Sound.cpp TaskQueue.cpp UI.cpp
         bloom_utils.cpp
         Camera.cpp
     1>Camera.cpp(123): warning C4244: 'return' : conversion from 'double' to 'float', possible loss of data
         Controller.cpp
     1>c:\users\austin\documents\github\spacegame\spacegame\GameItem.h(34): warning C4067: unexpected tokens following preprocessor directive - expected a newline
     1>Controller.cpp(31): warning C4244: 'initializing' : conversion from 'double' to 'int', possible loss of data
     1>Controller.cpp(32): warning C4244: 'initializing' : conversion from 'double' to 'int', possible loss of data
     1>Controller.cpp(37): warning C4244: 'argument' : conversion from 'double' to 'int', possible loss of data
     1>Controller.cpp(13): warning C4101: 't' : unreferenced local variable
         GameActiveObject.cpp
         GameDebug.cpp
     1>Done Building Project "C:\Users\Austin\Documents\GitHub\SpaceGame\SpaceGame\SpaceGame.vcxproj" (Build target(s)) -- FAILED.
=======
﻿Build started 6/9/2013 10:20:37 PM.
     1>Project "C:\Users\Austin\Documents\GitHub\SpaceGame\SpaceGame\SpaceGame.vcxproj" on node 2 (Build target(s)).
     1>ClCompile:
         C:\Program Files (x86)\Microsoft Visual Studio 11.0\VC\bin\CL.exe /c /I"C:\Users\Austin\Documents\GitHub\SpaceGame\\OpenMesh-2.3.1\src" /ISOIL/include /Zi /nologo /W3 /WX- /O2 /Oi /Oy- /GL /D _USE_MATH_DEFINES /D WIN32 /D _RELEASE /D _CRT_SECURE_NO_DEPRECATE /D _MBCS /Gm- /EHsc /MD /GS /Gy /fp:precise /Zc:wchar_t /Zc:forScope /Fo"Release\\" /Fd"Release\vc110.pdb" /Gd /TP /analyze- /errorReport:prompt GameState.cpp
         GameState.cpp
     1>c:\users\austin\documents\github\spacegame\spacegame\GameObject.h(103): warning C4305: '=' : truncation from 'double' to 'float'
     1>c:\users\austin\documents\github\spacegame\spacegame\GameItem.h(34): warning C4067: unexpected tokens following preprocessor directive - expected a newline
     1>c:\users\austin\documents\github\spacegame\spacegame\GameActiveObject.h(30): warning C4244: '=' : conversion from 'const double' to 'float', possible loss of data
     1>GameState.cpp(70): warning C4244: 'argument' : conversion from 'double' to 'const float', possible loss of data
     1>GameState.cpp(86): warning C4244: 'argument' : conversion from 'double' to 'const float', possible loss of data
     1>GameState.cpp(400): warning C4244: 'argument' : conversion from 'double' to 'float', possible loss of data
     1>GameState.cpp(403): warning C4244: 'argument' : conversion from 'double' to 'float', possible loss of data
       Link:
         C:\Program Files (x86)\Microsoft Visual Studio 11.0\VC\bin\link.exe /ERRORREPORT:PROMPT /OUT:"C:\Users\Austin\Documents\GitHub\SpaceGame\Release\SpaceGame.exe" /NOLOGO /LIBPATH:"C:\Users\Austin\Documents\GitHub\SpaceGame\\OpenMesh-2.3.1\lib" /LIBPATH:freeglut/lib /LIBPATH:"glew-1.9.0/lib" /LIBPATH:pthread/lib /LIBPATH:"SDL-1.2.15/lib/x86" /LIBPATH:"SDL_mixer-1.2.12/lib/x86" /LIBPATH:SOIL/lib glew32.lib freeglut.lib glu32.lib SDL_mixer.lib SDLmain.lib SDL.lib libOpenMeshCore.lib libOpenMeshCored.lib libOpenMeshTools.lib libOpenMeshToolsd.lib SOIL.lib /MANIFEST /MANIFESTUAC:"level='asInvoker' uiAccess='false'" /manifest:embed /DEBUG /PDB:"C:\Users\Austin\Documents\GitHub\SpaceGame\Release\SpaceGame.pdb" /OPT:REF /OPT:ICF /LTCG /TLBID:1 /DYNAMICBASE /NXCOMPAT /IMPLIB:"C:\Users\Austin\Documents\GitHub\SpaceGame\Release\SpaceGame.lib" /MACHINE:X86 /SAFESEH Release\bloom_utils.obj
         Release\Camera.obj
         Release\CollisionDetection.obj
         Release\Controller.obj
         Release\GameActiveObject.obj
         Release\GameDebug.obj
         Release\GameDoor.obj
         Release\GameEventObject.obj
         Release\GamePlayer.obj
         Release\GameRoom.obj
         Release\GameState.obj
         Release\main.obj
         Release\Mesh.obj
         Release\MetaballEnemy.obj
         Release\projectile_particles.obj
         Release\Render.obj
         Release\RoomBuilder.obj
         Release\shader_utils.obj
         Release\Sound.obj
         Release\TaskQueue.obj
         Release\UI.obj
         "SDL_mixer-1.2.12\lib\x64\SDL_mixer.lib"
         "SDL_mixer-1.2.12\lib\x86\SDL_mixer.lib"
         Generating code
     1>c:\users\austin\documents\github\spacegame\spacegame\render.cpp(1077): warning C4715: 'loadFogProgram' : not all control paths return a value
     1>c:\users\austin\documents\github\spacegame\spacegame\render.cpp(965): warning C4715: 'loadPostProcessingProgram' : not all control paths return a value
         Finished generating code
         SpaceGame.vcxproj -> C:\Users\Austin\Documents\GitHub\SpaceGame\Release\SpaceGame.exe
     1>Done Building Project "C:\Users\Austin\Documents\GitHub\SpaceGame\SpaceGame\SpaceGame.vcxproj" (Build target(s)).
>>>>>>> local

Build FAILED.

<<<<<<< HEAD
Time Elapsed 00:00:08.44
=======
Time Elapsed 00:00:13.96
>>>>>>> local
