C:\USERS\AUSTIN\DOCUMENTS\GITHUB\SPACEGAME\SPACEGAME\RELEASE\UI.OBJ
C:\USERS\AUSTIN\DOCUMENTS\GITHUB\SPACEGAME\SPACEGAME\RELEASE\TASKQUEUE.OBJ
C:\USERS\AUSTIN\DOCUMENTS\GITHUB\SPACEGAME\SPACEGAME\RELEASE\SOUND.OBJ
C:\USERS\AUSTIN\DOCUMENTS\GITHUB\SPACEGAME\SPACEGAME\RELEASE\SHADER_UTILS.OBJ
C:\USERS\AUSTIN\DOCUMENTS\GITHUB\SPACEGAME\SPACEGAME\RELEASE\ROOMBUILDER.OBJ
C:\USERS\AUSTIN\DOCUMENTS\GITHUB\SPACEGAME\SPACEGAME\RELEASE\RENDER.OBJ
C:\USERS\AUSTIN\DOCUMENTS\GITHUB\SPACEGAME\SPACEGAME\RELEASE\PROJECTILE_PARTICLES.OBJ
C:\USERS\AUSTIN\DOCUMENTS\GITHUB\SPACEGAME\SPACEGAME\RELEASE\METABALLENEMY.OBJ
C:\USERS\AUSTIN\DOCUMENTS\GITHUB\SPACEGAME\SPACEGAME\RELEASE\MESH.OBJ
C:\USERS\AUSTIN\DOCUMENTS\GITHUB\SPACEGAME\SPACEGAME\RELEASE\MAIN.OBJ
C:\USERS\AUSTIN\DOCUMENTS\GITHUB\SPACEGAME\SPACEGAME\RELEASE\GAMESTATE.OBJ
C:\USERS\AUSTIN\DOCUMENTS\GITHUB\SPACEGAME\SPACEGAME\RELEASE\GAMEROOM.OBJ
C:\USERS\AUSTIN\DOCUMENTS\GITHUB\SPACEGAME\SPACEGAME\RELEASE\GAMEPLAYER.OBJ
C:\USERS\AUSTIN\DOCUMENTS\GITHUB\SPACEGAME\SPACEGAME\RELEASE\GAMEEVENTOBJECT.OBJ
C:\USERS\AUSTIN\DOCUMENTS\GITHUB\SPACEGAME\SPACEGAME\RELEASE\GAMEDOOR.OBJ
C:\USERS\AUSTIN\DOCUMENTS\GITHUB\SPACEGAME\SPACEGAME\RELEASE\GAMEDEBUG.OBJ
C:\USERS\AUSTIN\DOCUMENTS\GITHUB\SPACEGAME\SPACEGAME\RELEASE\GAMEACTIVEOBJECT.OBJ
C:\USERS\AUSTIN\DOCUMENTS\GITHUB\SPACEGAME\SPACEGAME\RELEASE\CONTROLLER.OBJ
C:\USERS\AUSTIN\DOCUMENTS\GITHUB\SPACEGAME\SPACEGAME\RELEASE\CAMERA.OBJ
C:\USERS\AUSTIN\DOCUMENTS\GITHUB\SPACEGAME\SPACEGAME\RELEASE\BLOOM_UTILS.OBJ
C:\USERS\AUSTIN\DOCUMENTS\GITHUB\SPACEGAME\SPACEGAME\RELEASE\VC110.PDB
C:\USERS\AUSTIN\DOCUMENTS\GITHUB\SPACEGAME\RELEASE\SPACEGAME.EXE
C:\USERS\AUSTIN\DOCUMENTS\GITHUB\SPACEGAME\RELEASE\SPACEGAME.PDB
C:\Users\Austin\Documents\GitHub\SpaceGame\SpaceGame\Release\bloom_utils.obj
C:\Users\Austin\Documents\GitHub\SpaceGame\SpaceGame\Release\Camera.obj
C:\Users\Austin\Documents\GitHub\SpaceGame\SpaceGame\Release\CollisionDetection.obj
C:\Users\Austin\Documents\GitHub\SpaceGame\SpaceGame\Release\Controller.obj
C:\Users\Austin\Documents\GitHub\SpaceGame\SpaceGame\Release\GameActiveObject.obj
C:\Users\Austin\Documents\GitHub\SpaceGame\SpaceGame\Release\GameDebug.obj
C:\Users\Austin\Documents\GitHub\SpaceGame\SpaceGame\Release\GameDoor.obj
C:\Users\Austin\Documents\GitHub\SpaceGame\SpaceGame\Release\GameEventObject.obj
C:\Users\Austin\Documents\GitHub\SpaceGame\SpaceGame\Release\GamePlayer.obj
C:\Users\Austin\Documents\GitHub\SpaceGame\SpaceGame\Release\GameRoom.obj
C:\Users\Austin\Documents\GitHub\SpaceGame\SpaceGame\Release\GameState.obj
C:\Users\Austin\Documents\GitHub\SpaceGame\SpaceGame\Release\main.obj
C:\Users\Austin\Documents\GitHub\SpaceGame\SpaceGame\Release\Mesh.obj
C:\Users\Austin\Documents\GitHub\SpaceGame\SpaceGame\Release\MetaballEnemy.obj
C:\Users\Austin\Documents\GitHub\SpaceGame\SpaceGame\Release\projectile_particles.obj
C:\Users\Austin\Documents\GitHub\SpaceGame\SpaceGame\Release\Render.obj
C:\Users\Austin\Documents\GitHub\SpaceGame\SpaceGame\Release\RoomBuilder.obj
C:\Users\Austin\Documents\GitHub\SpaceGame\SpaceGame\Release\shader_utils.obj
C:\Users\Austin\Documents\GitHub\SpaceGame\SpaceGame\Release\Sound.obj
C:\Users\Austin\Documents\GitHub\SpaceGame\SpaceGame\Release\TaskQueue.obj
C:\Users\Austin\Documents\GitHub\SpaceGame\SpaceGame\Release\UI.obj
C:\Users\Austin\Documents\GitHub\SpaceGame\SpaceGame\Release\cl.command.1.tlog
C:\Users\Austin\Documents\GitHub\SpaceGame\SpaceGame\Release\CL.read.1.tlog
C:\Users\Austin\Documents\GitHub\SpaceGame\SpaceGame\Release\CL.write.1.tlog
C:\Users\Austin\Documents\GitHub\SpaceGame\SpaceGame\Release\link-cvtres.read.1.tlog
C:\Users\Austin\Documents\GitHub\SpaceGame\SpaceGame\Release\link-cvtres.write.1.tlog
C:\Users\Austin\Documents\GitHub\SpaceGame\SpaceGame\Release\link-rc.read.1.tlog
C:\Users\Austin\Documents\GitHub\SpaceGame\SpaceGame\Release\link-rc.write.1.tlog
C:\Users\Austin\Documents\GitHub\SpaceGame\SpaceGame\Release\link.command.1.tlog
C:\Users\Austin\Documents\GitHub\SpaceGame\SpaceGame\Release\link.read.1.tlog
C:\Users\Austin\Documents\GitHub\SpaceGame\SpaceGame\Release\link.read.2.tlog
C:\Users\Austin\Documents\GitHub\SpaceGame\SpaceGame\Release\link.read.3.tlog
C:\Users\Austin\Documents\GitHub\SpaceGame\SpaceGame\Release\link.read.4.tlog
C:\Users\Austin\Documents\GitHub\SpaceGame\SpaceGame\Release\link.read.5.tlog
C:\Users\Austin\Documents\GitHub\SpaceGame\SpaceGame\Release\link.write.1.tlog
C:\Users\Austin\Documents\GitHub\SpaceGame\SpaceGame\Release\vc110.pdb
C:\Users\Austin\Documents\GitHub\SpaceGame\Release\SpaceGame.pdb
C:\Users\Austin\Documents\GitHub\SpaceGame\Release\SpaceGame.exe
