The system is: Darwin - 9.8.0 - i386
Compiling the C compiler identification source file "CMakeCCompilerId.c" succeeded.
Compiler: /usr/bin/cc 
Build flags: 
Id flags: 

The output was:
0


Compilation of the C compiler identification source "CMakeCCompilerId.c" produced "a.out"

The C compiler identification is GNU, found in "/Users/jordandavidson/temp/SpaceGame/MetaDemo/OpenMesh-2.3.1/build/CMakeFiles/2.8.11/CompilerIdC/a.out"

Compiling the CXX compiler identification source file "CMakeCXXCompilerId.cpp" succeeded.
Compiler: /usr/bin/c++ 
Build flags: 
Id flags: 

The output was:
0


Compilation of the CXX compiler identification source "CMakeCXXCompilerId.cpp" produced "a.out"

The CXX compiler identification is GNU, found in "/Users/jordandavidson/temp/SpaceGame/MetaDemo/OpenMesh-2.3.1/build/CMakeFiles/2.8.11/CompilerIdCXX/a.out"

Determining if the C compiler works passed with the following output:
Change Dir: /Users/jordandavidson/temp/SpaceGame/MetaDemo/OpenMesh-2.3.1/build/CMakeFiles/CMakeTmp

Run Build Command:/usr/bin/make "cmTryCompileExec2988427736/fast"
/usr/bin/make -f CMakeFiles/cmTryCompileExec2988427736.dir/build.make CMakeFiles/cmTryCompileExec2988427736.dir/build
"/Applications/CMake 2.8-11.app/Contents/bin/cmake" -E cmake_progress_report /Users/jordandavidson/temp/SpaceGame/MetaDemo/OpenMesh-2.3.1/build/CMakeFiles/CMakeTmp/CMakeFiles 1
Building C object CMakeFiles/cmTryCompileExec2988427736.dir/testCCompiler.c.o
/usr/bin/cc   -isysroot /Developer/SDKs/MacOSX10.5.sdk   -o CMakeFiles/cmTryCompileExec2988427736.dir/testCCompiler.c.o   -c /Users/jordandavidson/temp/SpaceGame/MetaDemo/OpenMesh-2.3.1/build/CMakeFiles/CMakeTmp/testCCompiler.c
Linking C executable cmTryCompileExec2988427736
"/Applications/CMake 2.8-11.app/Contents/bin/cmake" -E cmake_link_script CMakeFiles/cmTryCompileExec2988427736.dir/link.txt --verbose=1
/usr/bin/cc      -isysroot /Developer/SDKs/MacOSX10.5.sdk -Wl,-search_paths_first -Wl,-headerpad_max_install_names   CMakeFiles/cmTryCompileExec2988427736.dir/testCCompiler.c.o  -o cmTryCompileExec2988427736  


Detecting C compiler ABI info compiled with the following output:
Change Dir: /Users/jordandavidson/temp/SpaceGame/MetaDemo/OpenMesh-2.3.1/build/CMakeFiles/CMakeTmp

Run Build Command:/usr/bin/make "cmTryCompileExec538260045/fast"
/usr/bin/make -f CMakeFiles/cmTryCompileExec538260045.dir/build.make CMakeFiles/cmTryCompileExec538260045.dir/build
"/Applications/CMake 2.8-11.app/Contents/bin/cmake" -E cmake_progress_report /Users/jordandavidson/temp/SpaceGame/MetaDemo/OpenMesh-2.3.1/build/CMakeFiles/CMakeTmp/CMakeFiles 1
Building C object CMakeFiles/cmTryCompileExec538260045.dir/CMakeCCompilerABI.c.o
/usr/bin/cc   -arch x86_64 -arch i386 -isysroot /Developer/SDKs/MacOSX10.5.sdk   -o CMakeFiles/cmTryCompileExec538260045.dir/CMakeCCompilerABI.c.o   -c "/Applications/CMake 2.8-11.app/Contents/share/cmake-2.8/Modules/CMakeCCompilerABI.c"
Linking C executable cmTryCompileExec538260045
"/Applications/CMake 2.8-11.app/Contents/bin/cmake" -E cmake_link_script CMakeFiles/cmTryCompileExec538260045.dir/link.txt --verbose=1
/usr/bin/cc      -arch x86_64 -arch i386 -isysroot /Developer/SDKs/MacOSX10.5.sdk -Wl,-search_paths_first -Wl,-headerpad_max_install_names -v -Wl,-v CMakeFiles/cmTryCompileExec538260045.dir/CMakeCCompilerABI.c.o  -o cmTryCompileExec538260045   
Using built-in specs.
Target: i686-apple-darwin9
Configured with: /var/tmp/gcc/gcc-5493~1/src/configure --disable-checking -enable-werror --prefix=/usr --mandir=/share/man --enable-languages=c,objc,c++,obj-c++ --program-transform-name=/^[cg][^.-]*$/s/$/-4.0/ --with-gxx-include-dir=/include/c++/4.0.0 --with-slibdir=/usr/lib --build=i686-apple-darwin9 --with-arch=apple --with-tune=generic --host=i686-apple-darwin9 --target=i686-apple-darwin9
Thread model: posix
gcc version 4.0.1 (Apple Inc. build 5493)
 /usr/libexec/gcc/i686-apple-darwin9/4.0.1/collect2 -dynamic -arch x86_64 -macosx_version_min 10.5.8 -syslibroot /Developer/SDKs/MacOSX10.5.sdk -weak_reference_mismatches non-weak -o /var/folders/vM/vMJ9gc+EE64xMZ2kAJBmBE+++TI/-Tmp-//ccZinJsY.out -lcrt1.10.5.o -L/Developer/SDKs/MacOSX10.5.sdk/usr/lib/i686-apple-darwin9/4.0.1 -L/Developer/SDKs/MacOSX10.5.sdk/usr/lib -L/usr/lib/gcc/i686-apple-darwin9/4.0.1/x86_64 -L/usr/lib/gcc/i686-apple-darwin9/4.0.1 -L/usr/lib/gcc/i686-apple-darwin9/4.0.1/x86_64 -L/usr/lib/gcc/i686-apple-darwin9/4.0.1 -L/Developer/SDKs/MacOSX10.5.sdk/usr/lib/gcc/i686-apple-darwin9/4.0.1/../../../i686-apple-darwin9/4.0.1 -L/Developer/SDKs/MacOSX10.5.sdk/usr/lib/gcc/i686-apple-darwin9/4.0.1/../../.. -search_paths_first -headerpad_max_install_names -v CMakeFiles/cmTryCompileExec538260045.dir/CMakeCCompilerABI.c.o -arch_multiple -final_output cmTryCompileExec538260045 -lgcc_s.10.5 -lgcc -lSystem
Using built-in specs.
Target: i686-apple-darwin9
Configured with: /var/tmp/gcc/gcc-5493~1/src/configure --disable-checking -enable-werror --prefix=/usr --mandir=/share/man --enable-languages=c,objc,c++,obj-c++ --program-transform-name=/^[cg][^.-]*$/s/$/-4.0/ --with-gxx-include-dir=/include/c++/4.0.0 --with-slibdir=/usr/lib --build=i686-apple-darwin9 --with-arch=apple --with-tune=generic --host=i686-apple-darwin9 --target=i686-apple-darwin9
Thread model: posix
gcc version 4.0.1 (Apple Inc. build 5493)
 /usr/libexec/gcc/i686-apple-darwin9/4.0.1/collect2 -dynamic -arch i386 -macosx_version_min 10.5.8 -syslibroot /Developer/SDKs/MacOSX10.5.sdk -weak_reference_mismatches non-weak -o /var/folders/vM/vMJ9gc+EE64xMZ2kAJBmBE+++TI/-Tmp-//cc2Resmb.out -lcrt1.10.5.o -L/Developer/SDKs/MacOSX10.5.sdk/usr/lib/i686-apple-darwin9/4.0.1 -L/Developer/SDKs/MacOSX10.5.sdk/usr/lib -L/usr/lib/gcc/i686-apple-darwin9/4.0.1 -L/usr/lib/gcc/i686-apple-darwin9/4.0.1 -L/Developer/SDKs/MacOSX10.5.sdk/usr/lib/gcc/i686-apple-darwin9/4.0.1/../../../i686-apple-darwin9/4.0.1 -L/Developer/SDKs/MacOSX10.5.sdk/usr/lib/gcc/i686-apple-darwin9/4.0.1/../../.. -search_paths_first -headerpad_max_install_names -v CMakeFiles/cmTryCompileExec538260045.dir/CMakeCCompilerABI.c.o -arch_multiple -final_output cmTryCompileExec538260045 -lgcc_s.10.5 -lgcc -lSystem
collect2 version 4.0.1 (Apple Inc. build 5493) (i686 Darwin)
/usr/libexec/gcc/i686-apple-darwin9/4.0.1/ld -dynamic -arch x86_64 -macosx_version_min 10.5.8 -syslibroot /Developer/SDKs/MacOSX10.5.sdk -weak_reference_mismatches non-weak -o /var/folders/vM/vMJ9gc+EE64xMZ2kAJBmBE+++TI/-Tmp-//ccZinJsY.out -lcrt1.10.5.o -L/Developer/SDKs/MacOSX10.5.sdk/usr/lib/i686-apple-darwin9/4.0.1 -L/Developer/SDKs/MacOSX10.5.sdk/usr/lib -L/usr/lib/gcc/i686-apple-darwin9/4.0.1/x86_64 -L/usr/lib/gcc/i686-apple-darwin9/4.0.1 -L/usr/lib/gcc/i686-apple-darwin9/4.0.1/x86_64 -L/usr/lib/gcc/i686-apple-darwin9/4.0.1 -L/Developer/SDKs/MacOSX10.5.sdk/usr/lib/gcc/i686-apple-darwin9/4.0.1/../../../i686-apple-darwin9/4.0.1 -L/Developer/SDKs/MacOSX10.5.sdk/usr/lib/gcc/i686-apple-darwin9/4.0.1/../../.. -search_paths_first -headerpad_max_install_names -v CMakeFiles/cmTryCompileExec538260045.dir/CMakeCCompilerABI.c.o -arch_multiple -final_output cmTryCompileExec538260045 -lgcc_s.10.5 -lgcc -lSystem
collect2 version 4.0.1 (Apple Inc. build 5493) (i686 Darwin)
/usr/libexec/gcc/i686-apple-darwin9/4.0.1/ld -dynamic -arch i386 -macosx_version_min 10.5.8 -syslibroot /Developer/SDKs/MacOSX10.5.sdk -weak_reference_mismatches non-weak -o /var/folders/vM/vMJ9gc+EE64xMZ2kAJBmBE+++TI/-Tmp-//cc2Resmb.out -lcrt1.10.5.o -L/Developer/SDKs/MacOSX10.5.sdk/usr/lib/i686-apple-darwin9/4.0.1 -L/Developer/SDKs/MacOSX10.5.sdk/usr/lib -L/usr/lib/gcc/i686-apple-darwin9/4.0.1 -L/usr/lib/gcc/i686-apple-darwin9/4.0.1 -L/Developer/SDKs/MacOSX10.5.sdk/usr/lib/gcc/i686-apple-darwin9/4.0.1/../../../i686-apple-darwin9/4.0.1 -L/Developer/SDKs/MacOSX10.5.sdk/usr/lib/gcc/i686-apple-darwin9/4.0.1/../../.. -search_paths_first -headerpad_max_install_names -v CMakeFiles/cmTryCompileExec538260045.dir/CMakeCCompilerABI.c.o -arch_multiple -final_output cmTryCompileExec538260045 -lgcc_s.10.5 -lgcc -lSystem
@(#)PROGRAM:ld  PROJECT:ld64-85.2.1
Library search paths:
	/Developer/SDKs/MacOSX10.5.sdk/usr/lib/i686-apple-darwin9/4.0.1
	/Developer/SDKs/MacOSX10.5.sdk/usr/lib
	/Developer/SDKs/MacOSX10.5.sdk/usr/lib/gcc/i686-apple-darwin9/4.0.1
	/Developer/SDKs/MacOSX10.5.sdk/usr/lib/gcc/i686-apple-darwin9/4.0.1
	/Developer/SDKs/MacOSX10.5.sdk/usr/lib/i686-apple-darwin9/4.0.1
	/Developer/SDKs/MacOSX10.5.sdk/usr/lib
	/Developer/SDKs/MacOSX10.5.sdk/usr/lib
	/Developer/SDKs/MacOSX10.5.sdk/usr/local/lib
Framework search paths:
	/Developer/SDKs/MacOSX10.5.sdk/Library/Frameworks/
	/Developer/SDKs/MacOSX10.5.sdk/System/Library/Frameworks/
@(#)PROGRAM:ld  PROJECT:ld64-85.2.1
Library search paths:
	/Developer/SDKs/MacOSX10.5.sdk/usr/lib/i686-apple-darwin9/4.0.1
	/Developer/SDKs/MacOSX10.5.sdk/usr/lib
	/Developer/SDKs/MacOSX10.5.sdk/usr/lib/gcc/i686-apple-darwin9/4.0.1/x86_64
	/Developer/SDKs/MacOSX10.5.sdk/usr/lib/gcc/i686-apple-darwin9/4.0.1
	/Developer/SDKs/MacOSX10.5.sdk/usr/lib/gcc/i686-apple-darwin9/4.0.1/x86_64
	/Developer/SDKs/MacOSX10.5.sdk/usr/lib/gcc/i686-apple-darwin9/4.0.1
	/Developer/SDKs/MacOSX10.5.sdk/usr/lib/i686-apple-darwin9/4.0.1
	/Developer/SDKs/MacOSX10.5.sdk/usr/lib
	/Developer/SDKs/MacOSX10.5.sdk/usr/lib
	/Developer/SDKs/MacOSX10.5.sdk/usr/local/lib
Framework search paths:
	/Developer/SDKs/MacOSX10.5.sdk/Library/Frameworks/
	/Developer/SDKs/MacOSX10.5.sdk/System/Library/Frameworks/
lipo -create -o cmTryCompileExec538260045 /var/folders/vM/vMJ9gc+EE64xMZ2kAJBmBE+++TI/-Tmp-//ccZinJsY.out /var/folders/vM/vMJ9gc+EE64xMZ2kAJBmBE+++TI/-Tmp-//cc2Resmb.out 


Parsed C implicit link information from above output:
  link line regex: [^( *|.*[/\])(ld|ld|collect2)[^/\]*( |$)]
  ignore line: [Change Dir: /Users/jordandavidson/temp/SpaceGame/MetaDemo/OpenMesh-2.3.1/build/CMakeFiles/CMakeTmp]
  ignore line: []
  ignore line: [Run Build Command:/usr/bin/make "cmTryCompileExec538260045/fast"]
  ignore line: [/usr/bin/make -f CMakeFiles/cmTryCompileExec538260045.dir/build.make CMakeFiles/cmTryCompileExec538260045.dir/build]
  ignore line: ["/Applications/CMake 2.8-11.app/Contents/bin/cmake" -E cmake_progress_report /Users/jordandavidson/temp/SpaceGame/MetaDemo/OpenMesh-2.3.1/build/CMakeFiles/CMakeTmp/CMakeFiles 1]
  ignore line: [Building C object CMakeFiles/cmTryCompileExec538260045.dir/CMakeCCompilerABI.c.o]
  ignore line: [/usr/bin/cc   -arch x86_64 -arch i386 -isysroot /Developer/SDKs/MacOSX10.5.sdk   -o CMakeFiles/cmTryCompileExec538260045.dir/CMakeCCompilerABI.c.o   -c "/Applications/CMake 2.8-11.app/Contents/share/cmake-2.8/Modules/CMakeCCompilerABI.c"]
  ignore line: [Linking C executable cmTryCompileExec538260045]
  ignore line: ["/Applications/CMake 2.8-11.app/Contents/bin/cmake" -E cmake_link_script CMakeFiles/cmTryCompileExec538260045.dir/link.txt --verbose=1]
  ignore line: [/usr/bin/cc      -arch x86_64 -arch i386 -isysroot /Developer/SDKs/MacOSX10.5.sdk -Wl,-search_paths_first -Wl,-headerpad_max_install_names -v -Wl,-v CMakeFiles/cmTryCompileExec538260045.dir/CMakeCCompilerABI.c.o  -o cmTryCompileExec538260045   ]
  ignore line: [Using built-in specs.]
  ignore line: [Target: i686-apple-darwin9]
  ignore line: [Configured with: /var/tmp/gcc/gcc-5493~1/src/configure --disable-checking -enable-werror --prefix=/usr --mandir=/share/man --enable-languages=c,objc,c++,obj-c++ --program-transform-name=/^[cg][^.-]*$/s/$/-4.0/ --with-gxx-include-dir=/include/c++/4.0.0 --with-slibdir=/usr/lib --build=i686-apple-darwin9 --with-arch=apple --with-tune=generic --host=i686-apple-darwin9 --target=i686-apple-darwin9]
  ignore line: [Thread model: posix]
  ignore line: [gcc version 4.0.1 (Apple Inc. build 5493)]
  link line: [ /usr/libexec/gcc/i686-apple-darwin9/4.0.1/collect2 -dynamic -arch x86_64 -macosx_version_min 10.5.8 -syslibroot /Developer/SDKs/MacOSX10.5.sdk -weak_reference_mismatches non-weak -o /var/folders/vM/vMJ9gc+EE64xMZ2kAJBmBE+++TI/-Tmp-//ccZinJsY.out -lcrt1.10.5.o -L/Developer/SDKs/MacOSX10.5.sdk/usr/lib/i686-apple-darwin9/4.0.1 -L/Developer/SDKs/MacOSX10.5.sdk/usr/lib -L/usr/lib/gcc/i686-apple-darwin9/4.0.1/x86_64 -L/usr/lib/gcc/i686-apple-darwin9/4.0.1 -L/usr/lib/gcc/i686-apple-darwin9/4.0.1/x86_64 -L/usr/lib/gcc/i686-apple-darwin9/4.0.1 -L/Developer/SDKs/MacOSX10.5.sdk/usr/lib/gcc/i686-apple-darwin9/4.0.1/../../../i686-apple-darwin9/4.0.1 -L/Developer/SDKs/MacOSX10.5.sdk/usr/lib/gcc/i686-apple-darwin9/4.0.1/../../.. -search_paths_first -headerpad_max_install_names -v CMakeFiles/cmTryCompileExec538260045.dir/CMakeCCompilerABI.c.o -arch_multiple -final_output cmTryCompileExec538260045 -lgcc_s.10.5 -lgcc -lSystem]
    arg [/usr/libexec/gcc/i686-apple-darwin9/4.0.1/collect2] ==> ignore
    arg [-dynamic] ==> ignore
    arg [-arch] ==> ignore
    arg [x86_64] ==> ignore
    arg [-macosx_version_min] ==> ignore
    arg [10.5.8] ==> ignore
    arg [-syslibroot] ==> ignore
    arg [/Developer/SDKs/MacOSX10.5.sdk] ==> ignore
    arg [-weak_reference_mismatches] ==> ignore
    arg [non-weak] ==> ignore
    arg [-o] ==> ignore
    arg [/var/folders/vM/vMJ9gc+EE64xMZ2kAJBmBE+++TI/-Tmp-//ccZinJsY.out] ==> ignore
    arg [-lcrt1.10.5.o] ==> lib [crt1.10.5.o]
    arg [-L/Developer/SDKs/MacOSX10.5.sdk/usr/lib/i686-apple-darwin9/4.0.1] ==> dir [/Developer/SDKs/MacOSX10.5.sdk/usr/lib/i686-apple-darwin9/4.0.1]
    arg [-L/Developer/SDKs/MacOSX10.5.sdk/usr/lib] ==> dir [/Developer/SDKs/MacOSX10.5.sdk/usr/lib]
    arg [-L/usr/lib/gcc/i686-apple-darwin9/4.0.1/x86_64] ==> dir [/usr/lib/gcc/i686-apple-darwin9/4.0.1/x86_64]
    arg [-L/usr/lib/gcc/i686-apple-darwin9/4.0.1] ==> dir [/usr/lib/gcc/i686-apple-darwin9/4.0.1]
    arg [-L/usr/lib/gcc/i686-apple-darwin9/4.0.1/x86_64] ==> dir [/usr/lib/gcc/i686-apple-darwin9/4.0.1/x86_64]
    arg [-L/usr/lib/gcc/i686-apple-darwin9/4.0.1] ==> dir [/usr/lib/gcc/i686-apple-darwin9/4.0.1]
    arg [-L/Developer/SDKs/MacOSX10.5.sdk/usr/lib/gcc/i686-apple-darwin9/4.0.1/../../../i686-apple-darwin9/4.0.1] ==> dir [/Developer/SDKs/MacOSX10.5.sdk/usr/lib/gcc/i686-apple-darwin9/4.0.1/../../../i686-apple-darwin9/4.0.1]
    arg [-L/Developer/SDKs/MacOSX10.5.sdk/usr/lib/gcc/i686-apple-darwin9/4.0.1/../../..] ==> dir [/Developer/SDKs/MacOSX10.5.sdk/usr/lib/gcc/i686-apple-darwin9/4.0.1/../../..]
    arg [-search_paths_first] ==> ignore
    arg [-headerpad_max_install_names] ==> ignore
    arg [-v] ==> ignore
    arg [CMakeFiles/cmTryCompileExec538260045.dir/CMakeCCompilerABI.c.o] ==> ignore
    arg [-arch_multiple] ==> ignore
    arg [-final_output] ==> ignore
    arg [cmTryCompileExec538260045] ==> ignore
    arg [-lgcc_s.10.5] ==> lib [gcc_s.10.5]
    arg [-lgcc] ==> lib [gcc]
    arg [-lSystem] ==> lib [System]
  Library search paths: [;/Developer/SDKs/MacOSX10.5.sdk/usr/lib/i686-apple-darwin9/4.0.1;/Developer/SDKs/MacOSX10.5.sdk/usr/lib;/Developer/SDKs/MacOSX10.5.sdk/usr/lib/gcc/i686-apple-darwin9/4.0.1;/Developer/SDKs/MacOSX10.5.sdk/usr/lib/gcc/i686-apple-darwin9/4.0.1;/Developer/SDKs/MacOSX10.5.sdk/usr/lib/i686-apple-darwin9/4.0.1;/Developer/SDKs/MacOSX10.5.sdk/usr/lib;/Developer/SDKs/MacOSX10.5.sdk/usr/lib;/Developer/SDKs/MacOSX10.5.sdk/usr/local/lib]
  Framework search paths: [;/Developer/SDKs/MacOSX10.5.sdk/Library/Frameworks/;/Developer/SDKs/MacOSX10.5.sdk/System/Library/Frameworks/]
  remove lib [crt1.10.5.o]
  remove lib [gcc_s.10.5]
  remove lib [gcc]
  remove lib [System]
  collapse library dir [/Developer/SDKs/MacOSX10.5.sdk/usr/lib/i686-apple-darwin9/4.0.1] ==> [/Developer/SDKs/MacOSX10.5.sdk/usr/lib/i686-apple-darwin9/4.0.1]
  collapse library dir [/Developer/SDKs/MacOSX10.5.sdk/usr/lib] ==> [/Developer/SDKs/MacOSX10.5.sdk/usr/lib]
  collapse library dir [/usr/lib/gcc/i686-apple-darwin9/4.0.1/x86_64] ==> [/usr/lib/gcc/i686-apple-darwin9/4.0.1/x86_64]
  collapse library dir [/usr/lib/gcc/i686-apple-darwin9/4.0.1] ==> [/usr/lib/gcc/i686-apple-darwin9/4.0.1]
  collapse library dir [/usr/lib/gcc/i686-apple-darwin9/4.0.1/x86_64] ==> [/usr/lib/gcc/i686-apple-darwin9/4.0.1/x86_64]
  collapse library dir [/usr/lib/gcc/i686-apple-darwin9/4.0.1] ==> [/usr/lib/gcc/i686-apple-darwin9/4.0.1]
  collapse library dir [/Developer/SDKs/MacOSX10.5.sdk/usr/lib/gcc/i686-apple-darwin9/4.0.1/../../../i686-apple-darwin9/4.0.1] ==> [/Developer/SDKs/MacOSX10.5.sdk/usr/lib/i686-apple-darwin9/4.0.1]
  collapse library dir [/Developer/SDKs/MacOSX10.5.sdk/usr/lib/gcc/i686-apple-darwin9/4.0.1/../../..] ==> [/Developer/SDKs/MacOSX10.5.sdk/usr/lib]
  collapse library dir [/Developer/SDKs/MacOSX10.5.sdk/usr/lib/i686-apple-darwin9/4.0.1] ==> [/Developer/SDKs/MacOSX10.5.sdk/usr/lib/i686-apple-darwin9/4.0.1]
  collapse library dir [/Developer/SDKs/MacOSX10.5.sdk/usr/lib] ==> [/Developer/SDKs/MacOSX10.5.sdk/usr/lib]
  collapse library dir [/Developer/SDKs/MacOSX10.5.sdk/usr/lib/gcc/i686-apple-darwin9/4.0.1] ==> [/Developer/SDKs/MacOSX10.5.sdk/usr/lib/gcc/i686-apple-darwin9/4.0.1]
  collapse library dir [/Developer/SDKs/MacOSX10.5.sdk/usr/lib/gcc/i686-apple-darwin9/4.0.1] ==> [/Developer/SDKs/MacOSX10.5.sdk/usr/lib/gcc/i686-apple-darwin9/4.0.1]
  collapse library dir [/Developer/SDKs/MacOSX10.5.sdk/usr/lib/i686-apple-darwin9/4.0.1] ==> [/Developer/SDKs/MacOSX10.5.sdk/usr/lib/i686-apple-darwin9/4.0.1]
  collapse library dir [/Developer/SDKs/MacOSX10.5.sdk/usr/lib] ==> [/Developer/SDKs/MacOSX10.5.sdk/usr/lib]
  collapse library dir [/Developer/SDKs/MacOSX10.5.sdk/usr/lib] ==> [/Developer/SDKs/MacOSX10.5.sdk/usr/lib]
  collapse library dir [/Developer/SDKs/MacOSX10.5.sdk/usr/local/lib] ==> [/Developer/SDKs/MacOSX10.5.sdk/usr/local/lib]
  collapse framework dir [/Developer/SDKs/MacOSX10.5.sdk/Library/Frameworks/] ==> [/Developer/SDKs/MacOSX10.5.sdk/Library/Frameworks]
  collapse framework dir [/Developer/SDKs/MacOSX10.5.sdk/System/Library/Frameworks/] ==> [/Developer/SDKs/MacOSX10.5.sdk/System/Library/Frameworks]
  implicit libs: []
  implicit dirs: [/Developer/SDKs/MacOSX10.5.sdk/usr/lib/i686-apple-darwin9/4.0.1;/Developer/SDKs/MacOSX10.5.sdk/usr/lib;/usr/lib/gcc/i686-apple-darwin9/4.0.1/x86_64;/usr/lib/gcc/i686-apple-darwin9/4.0.1;/Developer/SDKs/MacOSX10.5.sdk/usr/lib/gcc/i686-apple-darwin9/4.0.1;/Developer/SDKs/MacOSX10.5.sdk/usr/local/lib]
  implicit fwks: [/Developer/SDKs/MacOSX10.5.sdk/Library/Frameworks;/Developer/SDKs/MacOSX10.5.sdk/System/Library/Frameworks]


Determining if the CXX compiler works passed with the following output:
Change Dir: /Users/jordandavidson/temp/SpaceGame/MetaDemo/OpenMesh-2.3.1/build/CMakeFiles/CMakeTmp

Run Build Command:/usr/bin/make "cmTryCompileExec523176986/fast"
/usr/bin/make -f CMakeFiles/cmTryCompileExec523176986.dir/build.make CMakeFiles/cmTryCompileExec523176986.dir/build
"/Applications/CMake 2.8-11.app/Contents/bin/cmake" -E cmake_progress_report /Users/jordandavidson/temp/SpaceGame/MetaDemo/OpenMesh-2.3.1/build/CMakeFiles/CMakeTmp/CMakeFiles 1
Building CXX object CMakeFiles/cmTryCompileExec523176986.dir/testCXXCompiler.cxx.o
/usr/bin/c++    -isysroot /Developer/SDKs/MacOSX10.5.sdk   -o CMakeFiles/cmTryCompileExec523176986.dir/testCXXCompiler.cxx.o -c /Users/jordandavidson/temp/SpaceGame/MetaDemo/OpenMesh-2.3.1/build/CMakeFiles/CMakeTmp/testCXXCompiler.cxx
Linking CXX executable cmTryCompileExec523176986
"/Applications/CMake 2.8-11.app/Contents/bin/cmake" -E cmake_link_script CMakeFiles/cmTryCompileExec523176986.dir/link.txt --verbose=1
/usr/bin/c++       -isysroot /Developer/SDKs/MacOSX10.5.sdk -Wl,-search_paths_first -Wl,-headerpad_max_install_names   CMakeFiles/cmTryCompileExec523176986.dir/testCXXCompiler.cxx.o  -o cmTryCompileExec523176986  


Detecting CXX compiler ABI info compiled with the following output:
Change Dir: /Users/jordandavidson/temp/SpaceGame/MetaDemo/OpenMesh-2.3.1/build/CMakeFiles/CMakeTmp

Run Build Command:/usr/bin/make "cmTryCompileExec429535632/fast"
/usr/bin/make -f CMakeFiles/cmTryCompileExec429535632.dir/build.make CMakeFiles/cmTryCompileExec429535632.dir/build
"/Applications/CMake 2.8-11.app/Contents/bin/cmake" -E cmake_progress_report /Users/jordandavidson/temp/SpaceGame/MetaDemo/OpenMesh-2.3.1/build/CMakeFiles/CMakeTmp/CMakeFiles 1
Building CXX object CMakeFiles/cmTryCompileExec429535632.dir/CMakeCXXCompilerABI.cpp.o
/usr/bin/c++    -arch x86_64 -arch i386 -isysroot /Developer/SDKs/MacOSX10.5.sdk   -o CMakeFiles/cmTryCompileExec429535632.dir/CMakeCXXCompilerABI.cpp.o -c "/Applications/CMake 2.8-11.app/Contents/share/cmake-2.8/Modules/CMakeCXXCompilerABI.cpp"
Linking CXX executable cmTryCompileExec429535632
"/Applications/CMake 2.8-11.app/Contents/bin/cmake" -E cmake_link_script CMakeFiles/cmTryCompileExec429535632.dir/link.txt --verbose=1
/usr/bin/c++       -arch x86_64 -arch i386 -isysroot /Developer/SDKs/MacOSX10.5.sdk -Wl,-search_paths_first -Wl,-headerpad_max_install_names -v -Wl,-v CMakeFiles/cmTryCompileExec429535632.dir/CMakeCXXCompilerABI.cpp.o  -o cmTryCompileExec429535632   
Using built-in specs.
Target: i686-apple-darwin9
Configured with: /var/tmp/gcc/gcc-5493~1/src/configure --disable-checking -enable-werror --prefix=/usr --mandir=/share/man --enable-languages=c,objc,c++,obj-c++ --program-transform-name=/^[cg][^.-]*$/s/$/-4.0/ --with-gxx-include-dir=/include/c++/4.0.0 --with-slibdir=/usr/lib --build=i686-apple-darwin9 --with-arch=apple --with-tune=generic --host=i686-apple-darwin9 --target=i686-apple-darwin9
Thread model: posix
gcc version 4.0.1 (Apple Inc. build 5493)
 /usr/libexec/gcc/i686-apple-darwin9/4.0.1/collect2 -dynamic -arch x86_64 -macosx_version_min 10.5.8 -syslibroot /Developer/SDKs/MacOSX10.5.sdk -weak_reference_mismatches non-weak -o /var/folders/vM/vMJ9gc+EE64xMZ2kAJBmBE+++TI/-Tmp-//ccMQTMHP.out -lcrt1.10.5.o -L/Developer/SDKs/MacOSX10.5.sdk/usr/lib/i686-apple-darwin9/4.0.1 -L/Developer/SDKs/MacOSX10.5.sdk/usr/lib -L/usr/lib/gcc/i686-apple-darwin9/4.0.1/x86_64 -L/usr/lib/gcc/i686-apple-darwin9/4.0.1 -L/usr/lib/gcc/i686-apple-darwin9/4.0.1/x86_64 -L/usr/lib/gcc/i686-apple-darwin9/4.0.1 -L/Developer/SDKs/MacOSX10.5.sdk/usr/lib/gcc/i686-apple-darwin9/4.0.1/../../../i686-apple-darwin9/4.0.1 -L/Developer/SDKs/MacOSX10.5.sdk/usr/lib/gcc/i686-apple-darwin9/4.0.1/../../.. -search_paths_first -headerpad_max_install_names -v CMakeFiles/cmTryCompileExec429535632.dir/CMakeCXXCompilerABI.cpp.o -arch_multiple -final_output cmTryCompileExec429535632 -lstdc++ -lgcc_s.10.5 -lgcc -lSystem
Using built-in specs.
Target: i686-apple-darwin9
Configured with: /var/tmp/gcc/gcc-5493~1/src/configure --disable-checking -enable-werror --prefix=/usr --mandir=/share/man --enable-languages=c,objc,c++,obj-c++ --program-transform-name=/^[cg][^.-]*$/s/$/-4.0/ --with-gxx-include-dir=/include/c++/4.0.0 --with-slibdir=/usr/lib --build=i686-apple-darwin9 --with-arch=apple --with-tune=generic --host=i686-apple-darwin9 --target=i686-apple-darwin9
Thread model: posix
gcc version 4.0.1 (Apple Inc. build 5493)
 /usr/libexec/gcc/i686-apple-darwin9/4.0.1/collect2 -dynamic -arch i386 -macosx_version_min 10.5.8 -syslibroot /Developer/SDKs/MacOSX10.5.sdk -weak_reference_mismatches non-weak -o /var/folders/vM/vMJ9gc+EE64xMZ2kAJBmBE+++TI/-Tmp-//ccdQ3B20.out -lcrt1.10.5.o -L/Developer/SDKs/MacOSX10.5.sdk/usr/lib/i686-apple-darwin9/4.0.1 -L/Developer/SDKs/MacOSX10.5.sdk/usr/lib -L/usr/lib/gcc/i686-apple-darwin9/4.0.1 -L/usr/lib/gcc/i686-apple-darwin9/4.0.1 -L/Developer/SDKs/MacOSX10.5.sdk/usr/lib/gcc/i686-apple-darwin9/4.0.1/../../../i686-apple-darwin9/4.0.1 -L/Developer/SDKs/MacOSX10.5.sdk/usr/lib/gcc/i686-apple-darwin9/4.0.1/../../.. -search_paths_first -headerpad_max_install_names -v CMakeFiles/cmTryCompileExec429535632.dir/CMakeCXXCompilerABI.cpp.o -arch_multiple -final_output cmTryCompileExec429535632 -lstdc++ -lgcc_s.10.5 -lgcc -lSystem
collect2 version 4.0.1 (Apple Inc. build 5493) (i686 Darwin)
/usr/libexec/gcc/i686-apple-darwin9/4.0.1/ld -dynamic -arch i386 -macosx_version_min 10.5.8 -syslibroot /Developer/SDKs/MacOSX10.5.sdk -weak_reference_mismatches non-weak -o /var/folders/vM/vMJ9gc+EE64xMZ2kAJBmBE+++TI/-Tmp-//ccdQ3B20.out -lcrt1.10.5.o -L/Developer/SDKs/MacOSX10.5.sdk/usr/lib/i686-apple-darwin9/4.0.1 -L/Developer/SDKs/MacOSX10.5.sdk/usr/lib -L/usr/lib/gcc/i686-apple-darwin9/4.0.1 -L/usr/lib/gcc/i686-apple-darwin9/4.0.1 -L/Developer/SDKs/MacOSX10.5.sdk/usr/lib/gcc/i686-apple-darwin9/4.0.1/../../../i686-apple-darwin9/4.0.1 -L/Developer/SDKs/MacOSX10.5.sdk/usr/lib/gcc/i686-apple-darwin9/4.0.1/../../.. -search_paths_first -headerpad_max_install_names -v CMakeFiles/cmTryCompileExec429535632.dir/CMakeCXXCompilerABI.cpp.o -arch_multiple -final_output cmTryCompileExec429535632 -lstdc++ -lgcc_s.10.5 -lgcc -lSystem
collect2 version 4.0.1 (Apple Inc. build 5493) (i686 Darwin)
/usr/libexec/gcc/i686-apple-darwin9/4.0.1/ld -dynamic -arch x86_64 -macosx_version_min 10.5.8 -syslibroot /Developer/SDKs/MacOSX10.5.sdk -weak_reference_mismatches non-weak -o /var/folders/vM/vMJ9gc+EE64xMZ2kAJBmBE+++TI/-Tmp-//ccMQTMHP.out -lcrt1.10.5.o -L/Developer/SDKs/MacOSX10.5.sdk/usr/lib/i686-apple-darwin9/4.0.1 -L/Developer/SDKs/MacOSX10.5.sdk/usr/lib -L/usr/lib/gcc/i686-apple-darwin9/4.0.1/x86_64 -L/usr/lib/gcc/i686-apple-darwin9/4.0.1 -L/usr/lib/gcc/i686-apple-darwin9/4.0.1/x86_64 -L/usr/lib/gcc/i686-apple-darwin9/4.0.1 -L/Developer/SDKs/MacOSX10.5.sdk/usr/lib/gcc/i686-apple-darwin9/4.0.1/../../../i686-apple-darwin9/4.0.1 -L/Developer/SDKs/MacOSX10.5.sdk/usr/lib/gcc/i686-apple-darwin9/4.0.1/../../.. -search_paths_first -headerpad_max_install_names -v CMakeFiles/cmTryCompileExec429535632.dir/CMakeCXXCompilerABI.cpp.o -arch_multiple -final_output cmTryCompileExec429535632 -lstdc++ -lgcc_s.10.5 -lgcc -lSystem
@(#)PROGRAM:ld  PROJECT:ld64-85.2.1
Library search paths:
	/Developer/SDKs/MacOSX10.5.sdk/usr/lib/i686-apple-darwin9/4.0.1
	/Developer/SDKs/MacOSX10.5.sdk/usr/lib
	/Developer/SDKs/MacOSX10.5.sdk/usr/lib/gcc/i686-apple-darwin9/4.0.1/x86_64
	/Developer/SDKs/MacOSX10.5.sdk/usr/lib/gcc/i686-apple-darwin9/4.0.1
	/Developer/SDKs/MacOSX10.5.sdk/usr/lib/gcc/i686-apple-darwin9/4.0.1/x86_64
	/Developer/SDKs/MacOSX10.5.sdk/usr/lib/gcc/i686-apple-darwin9/4.0.1
	/Developer/SDKs/MacOSX10.5.sdk/usr/lib/i686-apple-darwin9/4.0.1
	/Developer/SDKs/MacOSX10.5.sdk/usr/lib
	/Developer/SDKs/MacOSX10.5.sdk/usr/lib
	/Developer/SDKs/MacOSX10.5.sdk/usr/local/lib
Framework search paths:
	/Developer/SDKs/MacOSX10.5.sdk/Library/Frameworks/
	/Developer/SDKs/MacOSX10.5.sdk/System/Library/Frameworks/
@(#)PROGRAM:ld  PROJECT:ld64-85.2.1
Library search paths:
	/Developer/SDKs/MacOSX10.5.sdk/usr/lib/i686-apple-darwin9/4.0.1
	/Developer/SDKs/MacOSX10.5.sdk/usr/lib
	/Developer/SDKs/MacOSX10.5.sdk/usr/lib/gcc/i686-apple-darwin9/4.0.1
	/Developer/SDKs/MacOSX10.5.sdk/usr/lib/gcc/i686-apple-darwin9/4.0.1
	/Developer/SDKs/MacOSX10.5.sdk/usr/lib/i686-apple-darwin9/4.0.1
	/Developer/SDKs/MacOSX10.5.sdk/usr/lib
	/Developer/SDKs/MacOSX10.5.sdk/usr/lib
	/Developer/SDKs/MacOSX10.5.sdk/usr/local/lib
Framework search paths:
	/Developer/SDKs/MacOSX10.5.sdk/Library/Frameworks/
	/Developer/SDKs/MacOSX10.5.sdk/System/Library/Frameworks/
lipo -create -o cmTryCompileExec429535632 /var/folders/vM/vMJ9gc+EE64xMZ2kAJBmBE+++TI/-Tmp-//ccMQTMHP.out /var/folders/vM/vMJ9gc+EE64xMZ2kAJBmBE+++TI/-Tmp-//ccdQ3B20.out 


Parsed CXX implicit link information from above output:
  link line regex: [^( *|.*[/\])(ld|ld|collect2)[^/\]*( |$)]
  ignore line: [Change Dir: /Users/jordandavidson/temp/SpaceGame/MetaDemo/OpenMesh-2.3.1/build/CMakeFiles/CMakeTmp]
  ignore line: []
  ignore line: [Run Build Command:/usr/bin/make "cmTryCompileExec429535632/fast"]
  ignore line: [/usr/bin/make -f CMakeFiles/cmTryCompileExec429535632.dir/build.make CMakeFiles/cmTryCompileExec429535632.dir/build]
  ignore line: ["/Applications/CMake 2.8-11.app/Contents/bin/cmake" -E cmake_progress_report /Users/jordandavidson/temp/SpaceGame/MetaDemo/OpenMesh-2.3.1/build/CMakeFiles/CMakeTmp/CMakeFiles 1]
  ignore line: [Building CXX object CMakeFiles/cmTryCompileExec429535632.dir/CMakeCXXCompilerABI.cpp.o]
  ignore line: [/usr/bin/c++    -arch x86_64 -arch i386 -isysroot /Developer/SDKs/MacOSX10.5.sdk   -o CMakeFiles/cmTryCompileExec429535632.dir/CMakeCXXCompilerABI.cpp.o -c "/Applications/CMake 2.8-11.app/Contents/share/cmake-2.8/Modules/CMakeCXXCompilerABI.cpp"]
  ignore line: [Linking CXX executable cmTryCompileExec429535632]
  ignore line: ["/Applications/CMake 2.8-11.app/Contents/bin/cmake" -E cmake_link_script CMakeFiles/cmTryCompileExec429535632.dir/link.txt --verbose=1]
  ignore line: [/usr/bin/c++       -arch x86_64 -arch i386 -isysroot /Developer/SDKs/MacOSX10.5.sdk -Wl,-search_paths_first -Wl,-headerpad_max_install_names -v -Wl,-v CMakeFiles/cmTryCompileExec429535632.dir/CMakeCXXCompilerABI.cpp.o  -o cmTryCompileExec429535632   ]
  ignore line: [Using built-in specs.]
  ignore line: [Target: i686-apple-darwin9]
  ignore line: [Configured with: /var/tmp/gcc/gcc-5493~1/src/configure --disable-checking -enable-werror --prefix=/usr --mandir=/share/man --enable-languages=c,objc,c++,obj-c++ --program-transform-name=/^[cg][^.-]*$/s/$/-4.0/ --with-gxx-include-dir=/include/c++/4.0.0 --with-slibdir=/usr/lib --build=i686-apple-darwin9 --with-arch=apple --with-tune=generic --host=i686-apple-darwin9 --target=i686-apple-darwin9]
  ignore line: [Thread model: posix]
  ignore line: [gcc version 4.0.1 (Apple Inc. build 5493)]
  link line: [ /usr/libexec/gcc/i686-apple-darwin9/4.0.1/collect2 -dynamic -arch x86_64 -macosx_version_min 10.5.8 -syslibroot /Developer/SDKs/MacOSX10.5.sdk -weak_reference_mismatches non-weak -o /var/folders/vM/vMJ9gc+EE64xMZ2kAJBmBE+++TI/-Tmp-//ccMQTMHP.out -lcrt1.10.5.o -L/Developer/SDKs/MacOSX10.5.sdk/usr/lib/i686-apple-darwin9/4.0.1 -L/Developer/SDKs/MacOSX10.5.sdk/usr/lib -L/usr/lib/gcc/i686-apple-darwin9/4.0.1/x86_64 -L/usr/lib/gcc/i686-apple-darwin9/4.0.1 -L/usr/lib/gcc/i686-apple-darwin9/4.0.1/x86_64 -L/usr/lib/gcc/i686-apple-darwin9/4.0.1 -L/Developer/SDKs/MacOSX10.5.sdk/usr/lib/gcc/i686-apple-darwin9/4.0.1/../../../i686-apple-darwin9/4.0.1 -L/Developer/SDKs/MacOSX10.5.sdk/usr/lib/gcc/i686-apple-darwin9/4.0.1/../../.. -search_paths_first -headerpad_max_install_names -v CMakeFiles/cmTryCompileExec429535632.dir/CMakeCXXCompilerABI.cpp.o -arch_multiple -final_output cmTryCompileExec429535632 -lstdc++ -lgcc_s.10.5 -lgcc -lSystem]
    arg [/usr/libexec/gcc/i686-apple-darwin9/4.0.1/collect2] ==> ignore
    arg [-dynamic] ==> ignore
    arg [-arch] ==> ignore
    arg [x86_64] ==> ignore
    arg [-macosx_version_min] ==> ignore
    arg [10.5.8] ==> ignore
    arg [-syslibroot] ==> ignore
    arg [/Developer/SDKs/MacOSX10.5.sdk] ==> ignore
    arg [-weak_reference_mismatches] ==> ignore
    arg [non-weak] ==> ignore
    arg [-o] ==> ignore
    arg [/var/folders/vM/vMJ9gc+EE64xMZ2kAJBmBE+++TI/-Tmp-//ccMQTMHP.out] ==> ignore
    arg [-lcrt1.10.5.o] ==> lib [crt1.10.5.o]
    arg [-L/Developer/SDKs/MacOSX10.5.sdk/usr/lib/i686-apple-darwin9/4.0.1] ==> dir [/Developer/SDKs/MacOSX10.5.sdk/usr/lib/i686-apple-darwin9/4.0.1]
    arg [-L/Developer/SDKs/MacOSX10.5.sdk/usr/lib] ==> dir [/Developer/SDKs/MacOSX10.5.sdk/usr/lib]
    arg [-L/usr/lib/gcc/i686-apple-darwin9/4.0.1/x86_64] ==> dir [/usr/lib/gcc/i686-apple-darwin9/4.0.1/x86_64]
    arg [-L/usr/lib/gcc/i686-apple-darwin9/4.0.1] ==> dir [/usr/lib/gcc/i686-apple-darwin9/4.0.1]
    arg [-L/usr/lib/gcc/i686-apple-darwin9/4.0.1/x86_64] ==> dir [/usr/lib/gcc/i686-apple-darwin9/4.0.1/x86_64]
    arg [-L/usr/lib/gcc/i686-apple-darwin9/4.0.1] ==> dir [/usr/lib/gcc/i686-apple-darwin9/4.0.1]
    arg [-L/Developer/SDKs/MacOSX10.5.sdk/usr/lib/gcc/i686-apple-darwin9/4.0.1/../../../i686-apple-darwin9/4.0.1] ==> dir [/Developer/SDKs/MacOSX10.5.sdk/usr/lib/gcc/i686-apple-darwin9/4.0.1/../../../i686-apple-darwin9/4.0.1]
    arg [-L/Developer/SDKs/MacOSX10.5.sdk/usr/lib/gcc/i686-apple-darwin9/4.0.1/../../..] ==> dir [/Developer/SDKs/MacOSX10.5.sdk/usr/lib/gcc/i686-apple-darwin9/4.0.1/../../..]
    arg [-search_paths_first] ==> ignore
    arg [-headerpad_max_install_names] ==> ignore
    arg [-v] ==> ignore
    arg [CMakeFiles/cmTryCompileExec429535632.dir/CMakeCXXCompilerABI.cpp.o] ==> ignore
    arg [-arch_multiple] ==> ignore
    arg [-final_output] ==> ignore
    arg [cmTryCompileExec429535632] ==> ignore
    arg [-lstdc++] ==> lib [stdc++]
    arg [-lgcc_s.10.5] ==> lib [gcc_s.10.5]
    arg [-lgcc] ==> lib [gcc]
    arg [-lSystem] ==> lib [System]
  Library search paths: [;/Developer/SDKs/MacOSX10.5.sdk/usr/lib/i686-apple-darwin9/4.0.1;/Developer/SDKs/MacOSX10.5.sdk/usr/lib;/Developer/SDKs/MacOSX10.5.sdk/usr/lib/gcc/i686-apple-darwin9/4.0.1/x86_64;/Developer/SDKs/MacOSX10.5.sdk/usr/lib/gcc/i686-apple-darwin9/4.0.1;/Developer/SDKs/MacOSX10.5.sdk/usr/lib/gcc/i686-apple-darwin9/4.0.1/x86_64;/Developer/SDKs/MacOSX10.5.sdk/usr/lib/gcc/i686-apple-darwin9/4.0.1;/Developer/SDKs/MacOSX10.5.sdk/usr/lib/i686-apple-darwin9/4.0.1;/Developer/SDKs/MacOSX10.5.sdk/usr/lib;/Developer/SDKs/MacOSX10.5.sdk/usr/lib;/Developer/SDKs/MacOSX10.5.sdk/usr/local/lib]
  Framework search paths: [;/Developer/SDKs/MacOSX10.5.sdk/Library/Frameworks/;/Developer/SDKs/MacOSX10.5.sdk/System/Library/Frameworks/]
  remove lib [crt1.10.5.o]
  remove lib [gcc_s.10.5]
  remove lib [gcc]
  remove lib [System]
  collapse library dir [/Developer/SDKs/MacOSX10.5.sdk/usr/lib/i686-apple-darwin9/4.0.1] ==> [/Developer/SDKs/MacOSX10.5.sdk/usr/lib/i686-apple-darwin9/4.0.1]
  collapse library dir [/Developer/SDKs/MacOSX10.5.sdk/usr/lib] ==> [/Developer/SDKs/MacOSX10.5.sdk/usr/lib]
  collapse library dir [/usr/lib/gcc/i686-apple-darwin9/4.0.1/x86_64] ==> [/usr/lib/gcc/i686-apple-darwin9/4.0.1/x86_64]
  collapse library dir [/usr/lib/gcc/i686-apple-darwin9/4.0.1] ==> [/usr/lib/gcc/i686-apple-darwin9/4.0.1]
  collapse library dir [/usr/lib/gcc/i686-apple-darwin9/4.0.1/x86_64] ==> [/usr/lib/gcc/i686-apple-darwin9/4.0.1/x86_64]
  collapse library dir [/usr/lib/gcc/i686-apple-darwin9/4.0.1] ==> [/usr/lib/gcc/i686-apple-darwin9/4.0.1]
  collapse library dir [/Developer/SDKs/MacOSX10.5.sdk/usr/lib/gcc/i686-apple-darwin9/4.0.1/../../../i686-apple-darwin9/4.0.1] ==> [/Developer/SDKs/MacOSX10.5.sdk/usr/lib/i686-apple-darwin9/4.0.1]
  collapse library dir [/Developer/SDKs/MacOSX10.5.sdk/usr/lib/gcc/i686-apple-darwin9/4.0.1/../../..] ==> [/Developer/SDKs/MacOSX10.5.sdk/usr/lib]
  collapse library dir [/Developer/SDKs/MacOSX10.5.sdk/usr/lib/i686-apple-darwin9/4.0.1] ==> [/Developer/SDKs/MacOSX10.5.sdk/usr/lib/i686-apple-darwin9/4.0.1]
  collapse library dir [/Developer/SDKs/MacOSX10.5.sdk/usr/lib] ==> [/Developer/SDKs/MacOSX10.5.sdk/usr/lib]
  collapse library dir [/Developer/SDKs/MacOSX10.5.sdk/usr/lib/gcc/i686-apple-darwin9/4.0.1/x86_64] ==> [/Developer/SDKs/MacOSX10.5.sdk/usr/lib/gcc/i686-apple-darwin9/4.0.1/x86_64]
  collapse library dir [/Developer/SDKs/MacOSX10.5.sdk/usr/lib/gcc/i686-apple-darwin9/4.0.1] ==> [/Developer/SDKs/MacOSX10.5.sdk/usr/lib/gcc/i686-apple-darwin9/4.0.1]
  collapse library dir [/Developer/SDKs/MacOSX10.5.sdk/usr/lib/gcc/i686-apple-darwin9/4.0.1/x86_64] ==> [/Developer/SDKs/MacOSX10.5.sdk/usr/lib/gcc/i686-apple-darwin9/4.0.1/x86_64]
  collapse library dir [/Developer/SDKs/MacOSX10.5.sdk/usr/lib/gcc/i686-apple-darwin9/4.0.1] ==> [/Developer/SDKs/MacOSX10.5.sdk/usr/lib/gcc/i686-apple-darwin9/4.0.1]
  collapse library dir [/Developer/SDKs/MacOSX10.5.sdk/usr/lib/i686-apple-darwin9/4.0.1] ==> [/Developer/SDKs/MacOSX10.5.sdk/usr/lib/i686-apple-darwin9/4.0.1]
  collapse library dir [/Developer/SDKs/MacOSX10.5.sdk/usr/lib] ==> [/Developer/SDKs/MacOSX10.5.sdk/usr/lib]
  collapse library dir [/Developer/SDKs/MacOSX10.5.sdk/usr/lib] ==> [/Developer/SDKs/MacOSX10.5.sdk/usr/lib]
  collapse library dir [/Developer/SDKs/MacOSX10.5.sdk/usr/local/lib] ==> [/Developer/SDKs/MacOSX10.5.sdk/usr/local/lib]
  collapse framework dir [/Developer/SDKs/MacOSX10.5.sdk/Library/Frameworks/] ==> [/Developer/SDKs/MacOSX10.5.sdk/Library/Frameworks]
  collapse framework dir [/Developer/SDKs/MacOSX10.5.sdk/System/Library/Frameworks/] ==> [/Developer/SDKs/MacOSX10.5.sdk/System/Library/Frameworks]
  implicit libs: [stdc++]
  implicit dirs: [/Developer/SDKs/MacOSX10.5.sdk/usr/lib/i686-apple-darwin9/4.0.1;/Developer/SDKs/MacOSX10.5.sdk/usr/lib;/usr/lib/gcc/i686-apple-darwin9/4.0.1/x86_64;/usr/lib/gcc/i686-apple-darwin9/4.0.1;/Developer/SDKs/MacOSX10.5.sdk/usr/lib/gcc/i686-apple-darwin9/4.0.1/x86_64;/Developer/SDKs/MacOSX10.5.sdk/usr/lib/gcc/i686-apple-darwin9/4.0.1;/Developer/SDKs/MacOSX10.5.sdk/usr/local/lib]
  implicit fwks: [/Developer/SDKs/MacOSX10.5.sdk/Library/Frameworks;/Developer/SDKs/MacOSX10.5.sdk/System/Library/Frameworks]


